Build started 21.3.2019. 13:03:25.
     1>Project "C:\Graphics\bgi\bgi.vcxproj" on node 2 (Rebuild target(s)).
     1>ClCompile:
         C:\Program Files (x86)\Microsoft Visual Studio 11.0\VC\bin\CL.exe /c /ZI /nologo /W3 /WX- /Od /Oy- /D _MBCS /Gm /EHsc /RTC1 /MDd /GS /fp:precise /Zc:wchar_t /Zc:forScope /Fo"Debug\\" /Fd"Debug\vc110.pdb" /Gd /TP /analyze- /errorReport:prompt bgiout.cxx dibutil.cxx drawing.cxx file.cxx misc.cxx mouse.cxx palette.cxx pravac.cpp text.cxx winbgi.cxx winthread.cxx
         winthread.cxx
     1>c:\graphics\bgi\winthread.cxx(320): warning C4101: 'i' : unreferenced local variable
         winbgi.cxx
     1>c:\graphics\bgi\winbgi.cxx(81): warning C4800: 'BOOL' : forcing value to bool 'true' or 'false' (performance warning)
     1>c:\graphics\bgi\winbgi.cxx(134): warning C4101: 'actual_color' : unreferenced local variable
     1>c:\graphics\bgi\winbgi.cxx(133): warning C4101: 'bgi_color' : unreferenced local variable
     1>c:\graphics\bgi\winbgi.cxx(494): warning C4996: 'sprintf': This function or variable may be unsafe. Consider using sprintf_s instead. To disable deprecation, use _CRT_SECURE_NO_WARNINGS. See online help for details.
                 c:\program files (x86)\microsoft visual studio 11.0\vc\include\stdio.h(357) : see declaration of 'sprintf'
         text.cxx
     1>c:\graphics\bgi\text.cxx(348): warning C4018: '<' : signed/unsigned mismatch
         pravac.cpp
         palette.cxx
         mouse.cxx
         misc.cxx
         file.cxx
         drawing.cxx
     1>c:\graphics\bgi\drawing.cxx(819): warning C4101: 'tries' : unreferenced local variable
     1>c:\graphics\bgi\drawing.cxx(859): warning C4101: 'answer' : unreferenced local variable
     1>c:\graphics\bgi\drawing.cxx(1110): warning C4996: 'strcat': This function or variable may be unsafe. Consider using strcat_s instead. To disable deprecation, use _CRT_SECURE_NO_WARNINGS. See online help for details.
                 c:\program files (x86)\microsoft visual studio 11.0\vc\include\string.h(115) : see declaration of 'strcat'
         dibutil.cxx
         bgiout.cxx
         Generating Code...
       Link:
         C:\Program Files (x86)\Microsoft Visual Studio 11.0\VC\bin\link.exe /ERRORREPORT:PROMPT /OUT:"C:\Graphics\bgi\Debug\bgi.exe" /INCREMENTAL /NOLOGO kernel32.lib user32.lib gdi32.lib winspool.lib comdlg32.lib advapi32.lib shell32.lib ole32.lib oleaut32.lib uuid.lib odbc32.lib odbccp32.lib /MANIFEST /MANIFESTUAC:"level='asInvoker' uiAccess='false'" /manifest:embed /DEBUG /PDB:"C:\Graphics\bgi\Debug\bgi.pdb" /TLBID:1 /DYNAMICBASE /NXCOMPAT /IMPLIB:"C:\Graphics\bgi\Debug\bgi.lib" /MACHINE:X86 Debug\bgiout.obj
         Debug\dibutil.obj
         Debug\drawing.obj
         Debug\file.obj
         Debug\misc.obj
         Debug\mouse.obj
         Debug\palette.obj
         Debug\pravac.obj
         Debug\text.obj
         Debug\winbgi.obj
         Debug\winthread.obj
         bgi.vcxproj -> C:\Graphics\bgi\Debug\bgi.exe
     1>Done Building Project "C:\Graphics\bgi\bgi.vcxproj" (Rebuild target(s)).

Build succeeded.

Time Elapsed 00:00:07.48
