C:\GRAPHICS\BGI\DEBUG\BGIOUT.OBJ
C:\GRAPHICS\BGI\DEBUG\DIBUTIL.OBJ
C:\GRAPHICS\BGI\DEBUG\DRAWING.OBJ
C:\GRAPHICS\BGI\DEBUG\FILE.OBJ
C:\GRAPHICS\BGI\DEBUG\MISC.OBJ
C:\GRAPHICS\BGI\DEBUG\MOUSE.OBJ
C:\GRAPHICS\BGI\DEBUG\PALETTE.OBJ
C:\GRAPHICS\BGI\DEBUG\PRAVAC.OBJ
C:\GRAPHICS\BGI\DEBUG\TEXT.OBJ
C:\GRAPHICS\BGI\DEBUG\WINBGI.OBJ
C:\GRAPHICS\BGI\DEBUG\WINTHREAD.OBJ
C:\GRAPHICS\BGI\DEBUG\VC110.PDB
C:\GRAPHICS\BGI\DEBUG\BGI.ILK
C:\GRAPHICS\BGI\DEBUG\BGI.EXE
C:\GRAPHICS\BGI\DEBUG\BGI.PDB
C:\Graphics\bgi\Debug\bgiout.obj
C:\Graphics\bgi\Debug\dibutil.obj
C:\Graphics\bgi\Debug\drawing.obj
C:\Graphics\bgi\Debug\file.obj
C:\Graphics\bgi\Debug\misc.obj
C:\Graphics\bgi\Debug\mouse.obj
C:\Graphics\bgi\Debug\palette.obj
C:\Graphics\bgi\Debug\pravac.obj
C:\Graphics\bgi\Debug\text.obj
C:\Graphics\bgi\Debug\winbgi.obj
C:\Graphics\bgi\Debug\winthread.obj
C:\Graphics\bgi\Debug\bgi.ilk
C:\Graphics\bgi\Debug\cl.command.1.tlog
C:\Graphics\bgi\Debug\CL.read.1.tlog
C:\Graphics\bgi\Debug\CL.write.1.tlog
C:\Graphics\bgi\Debug\link-cvtres.read.1.tlog
C:\Graphics\bgi\Debug\link-cvtres.write.1.tlog
C:\Graphics\bgi\Debug\link-rc.read.1.tlog
C:\Graphics\bgi\Debug\link-rc.write.1.tlog
C:\Graphics\bgi\Debug\link.command.1.tlog
C:\Graphics\bgi\Debug\link.read.1.tlog
C:\Graphics\bgi\Debug\link.write.1.tlog
C:\Graphics\bgi\Debug\vc110.idb
C:\Graphics\bgi\Debug\bgi.pdb
C:\Graphics\bgi\Debug\vc110.pdb
C:\Graphics\bgi\Debug\bgi.exe
